----------

Tue Dec 15 2020 02:18:35 GMT-0800 (北美太平洋标准时间)

warning: LF will be replaced by CRLF in about.html.
The file will have its original line endings in your working directory
warning: LF will be replaced by CRLF in assets/bootstrap/css/bootstrap.min.css.
The file will have its original line endings in your working directory
warning: LF will be replaced by CRLF in assets/bootstrap/js/bootstrap.min.js.
The file will have its original line endings in your working directory
warning: LF will be replaced by CRLF in assets/css/Article-List.css.
The file will have its original line endings in your working directory
warning: LF will be replaced by CRLF in assets/css/Bold-BS4-Animated-Back-To-Top.css.
The file will have its original line endings in your working directory
warning: LF will be replaced by CRLF in assets/css/Button---GIF-Click---Black--White.css.
The file will have its original line endings in your working directory
warning: LF will be replaced by CRLF in assets/css/Button-Change-Text-on-Hover.css.
The file will have its original line endings in your working directory
warning: LF will be replaced by CRLF in assets/css/Button-Outlines---Pretty.css.
The file will have its original line endings in your working directory
warning: LF will be replaced by CRLF in assets/css/Footer-with-social-media-icons.css.
The file will have its original line endings in your working directory
warning: LF will be replaced by CRLF in assets/css/Header-Dark.css.
The file will have its original line endings in your working directory
warning: LF will be replaced by CRLF in assets/css/Navigation-Clean.css.
The file will have its original line endings in your working directory
warning: LF will be replaced by CRLF in assets/css/Network-Particles-Hero.css.
The file will have its original line endings in your working directory
warning: LF will be replaced by CRLF in assets/css/Projects-Clean.css.
The file will have its original line endings in your working directory
warning: LF will be replaced by CRLF in assets/css/Testimonials.css.
The file will have its original line endings in your working directory
warning: LF will be replaced by CRLF in assets/fonts/MaterialIcons-Regular.svg.
The file will have its original line endings in your working directory
warning: LF will be replaced by CRLF in assets/fonts/Simple-Line-Icons.svg.
The file will have its original line endings in your working directory
warning: LF will be replaced by CRLF in assets/fonts/fa-brands-400.svg.
The file will have its original line endings in your working directory
warning: LF will be replaced by CRLF in assets/fonts/fa-regular-400.svg.
The file will have its original line endings in your working directory
warning: LF will be replaced by CRLF in assets/fonts/fa-solid-900.svg.
The file will have its original line endings in your working directory
warning: LF will be replaced by CRLF in assets/fonts/font-awesome.min.css.
The file will have its original line endings in your working directory
warning: LF will be replaced by CRLF in assets/fonts/fontawesome-all.min.css.
The file will have its original line endings in your working directory
warning: LF will be replaced by CRLF in assets/fonts/fontawesome-webfont.svg.
The file will have its original line endings in your working directory
warning: LF will be replaced by CRLF in assets/fonts/ionicons.min.css.
The file will have its original line endings in your working directory
warning: LF will be replaced by CRLF in assets/fonts/ionicons.svg.
The file will have its original line endings in your working directory
warning: LF will be replaced by CRLF in assets/js/Bold-BS4-Animated-Back-To-Top.js.
The file will have its original line endings in your working directory
warning: LF will be replaced by CRLF in assets/js/bs-init.js.
The file will have its original line endings in your working directory
warning: LF will be replaced by CRLF in assets/js/jquery.min.js.
The file will have its original line endings in your working directory
warning: LF will be replaced by CRLF in assets/js/smart-forms.min.js.
The file will have its original line endings in your working directory
warning: LF will be

----------

Tue Dec 15 2020 02:18:36 GMT-0800 (北美太平洋标准时间)

 replaced by CRLF in assets/js/theme.js.
The file will have its original line endings in your working directory
warning: LF will be replaced by CRLF in contact.html.
The file will have its original line endings in your working directory
warning: LF will be replaced by CRLF in index.html.
The file will have its original line endings in your working directory
warning: LF will be replaced by CRLF in literature.html.
The file will have its original line endings in your working directory
warning: LF will be replaced by CRLF in onepiece.html.
The file will have its original line endings in your working directory
warning: LF will be replaced by CRLF in sideproject.html.
The file will have its original line endings in your working directory
warning: LF will be replaced by CRLF in yanyi.html.
The file will have its original line endings in your working directory


----------

Tue Dec 15 2020 02:18:46 GMT-0800 (北美太平洋标准时间)

To https://github.com/Mirrorlkj/Mirrorlkj.github.io.git
   9e22fa0..f80a650  master -> master


